[0m[38;5;245mrunning 1 test from ./client/admin/pages_know_info.test.tsx[0m
çŸ¥è¯†åº“ç®¡ç†é¡µé¢æµ‹è¯• ...
  åº”æ­£ç¡®æ¸²æŸ“é¡µé¢å…ƒç´  ... [0m[32mok[0m [0m[38;5;245m(2s)[0m
  åˆå§‹åŠ è½½è¡¨æ ¼æ•°æ® ... [0m[32mok[0m [0m[38;5;245m(1s)[0m
  æœç´¢è¡¨å•åº”æ­£å¸¸å·¥ä½œ ... [0m[32mok[0m [0m[38;5;245m(2s)[0m
  è¡¨æ ¼åº”åŠ è½½å¹¶æ˜¾ç¤ºæ•°æ® ... [0m[32mok[0m [0m[38;5;245m(114ms)[0m
  åº”èƒ½æ‰“å¼€æ·»åŠ æ–‡ç« æ¨¡æ€æ¡† ...
[0m[38;5;245m------- output -------[0m
[36m<div[39m
  [33mclass[39m=[32m"ant-modal-title"[39m
  [33mid[39m=[32m":rq:"[39m
[36m>[39m
  [0mæ·»åŠ çŸ¥è¯†åº“æ–‡ç« [0m
[36m</div>[39m
[0m[38;5;245m----- output end -----[0m
  åº”èƒ½æ‰“å¼€æ·»åŠ æ–‡ç« æ¨¡æ€æ¡† ... [0m[32mok[0m [0m[38;5;245m(1s)[0m
  åº”èƒ½å®Œæ•´æ·»åŠ ä¸€ç¯‡æ–‡ç«  ...
[0m[38;5;245m------- output -------[0m
[36m<input[39m
  [33mclass[39m=[32m"ant-input css-dev-only-do-not-override-1a3rktk ant-input-outlined ant-input-status-success"[39m
  [33mid[39m=[32m"title"[39m
  [33mplaceholder[39m=[32m"è¯·è¾“å…¥æ–‡ç« æ ‡é¢˜"[39m
  [33mtype[39m=[32m"text"[39m
  [33mvalue[39m=[32m"æ•°æ®åˆ†æ"[39m
[36m/>[39m
[36m<textarea[39m
  [33maria-required[39m=[32m"true"[39m
  [33mclass[39m=[32m"ant-input css-dev-only-do-not-override-1a3rktk ant-input-outlined"[39m
  [33mid[39m=[32m"content"[39m
  [33mplaceholder[39m=[32m"è¯·è¾“å…¥æ–‡ç« å†…å®¹ï¼Œæ”¯æŒMarkdownæ ¼å¼"[39m
  [33mrows[39m=[32m"15"[39m
[36m/>[39m
[36m<span>[39m
  [0mç¡® å®š[0m
[36m</span>[39m
[0m[38;5;245m----- output end -----[0m
  åº”èƒ½å®Œæ•´æ·»åŠ ä¸€ç¯‡æ–‡ç«  ... [0m[31mFAILED[0m [0m[38;5;245m(1s)[0m
çŸ¥è¯†åº“ç®¡ç†é¡µé¢æµ‹è¯• ... [0m[31mFAILED[0m (due to 1 failed step) [0m[38;5;245m(9s)[0m

[0m[1m[37m[41m ERRORS [0m

çŸ¥è¯†åº“ç®¡ç†é¡µé¢æµ‹è¯• ... åº”èƒ½å®Œæ•´æ·»åŠ ä¸€ç¯‡æ–‡ç«  [0m[38;5;245m=> ./client/admin/pages_know_info.test.tsx:324:15[0m
[0m[1m[31merror[0m: AssertionError: Values are not equal: æ ‡é¢˜è¾“å…¥æ¡†å€¼æœªæ›´æ–°


    [90m[1m[Diff][22m[39m [31m[1mActual[22m[39m / [32m[1mExpected[22m[39m


[31m[1m-   [31m[1mæ•°æ®åˆ†ææµ‹è¯•æ–‡ç« æ ‡é¢˜[1m[31m
[22m[39m[32m[1m+   [32m[1mæµ‹è¯•æ–‡ç« æ ‡é¢˜[1m[32m
[22m[39m

  throw new AssertionError(message);
[0m[31m        ^[0m
    at [0m[1m[3massertEquals[0m ([0m[36mhttps://deno.land/std@0.217.0/assert/assert_equals.ts[0m:[0m[33m52[0m:[0m[33m9[0m)
    at [0m[36mfile:///docker/codeserver/project/test/d8d-ai-blank-templates/admin-mobile-starter/client/admin/pages_know_info.test.tsx[0m:[0m[33m348[0m:[0m[33m9[0m
    at [0m[1m[3meventLoopTick[0m ([0m[36mext:core/01_core.js[0m:[0m[33m217[0m:[0m[33m9[0m)
    at async [0m[1m[3minnerWrapped[0m ([0m[36mext:cli/40_test.js[0m:[0m[33m180[0m:[0m[33m5[0m)
    at async [0m[1m[3mexitSanitizer[0m ([0m[36mext:cli/40_test.js[0m:[0m[33m96[0m:[0m[33m27[0m)
    at async [0m[1m[3mObject.outerWrapped [as fn][0m ([0m[36mext:cli/40_test.js[0m:[0m[33m123[0m:[0m[33m14[0m)
    at async [0m[1m[3mTestContext.step[0m ([0m[36mext:cli/40_test.js[0m:[0m[33m481[0m:[0m[33m22[0m)
    at async [0m[1m[3mfn[0m ([0m[36mfile:///docker/codeserver/project/test/d8d-ai-blank-templates/admin-mobile-starter/client/admin/pages_know_info.test.tsx[0m:[0m[33m324[0m:[0m[33m7[0m)

[0m[1m[37m[41m FAILURES [0m

çŸ¥è¯†åº“ç®¡ç†é¡µé¢æµ‹è¯• ... åº”èƒ½å®Œæ•´æ·»åŠ ä¸€ç¯‡æ–‡ç«  [0m[38;5;245m=> ./client/admin/pages_know_info.test.tsx:324:15[0m

[0m[31mFAILED[0m | 0 passed (5 steps) | 1 failed (1 step) [0m[38;5;245m(9s)[0m

